<?xml version="1.0" encoding="UTF-8"?>
<testsuite xmlns:xsi="http://www.w3.org/2001/XMLSchema-instance" xsi:noNamespaceSchemaLocation="https://maven.apache.org/surefire/maven-surefire-plugin/xsd/surefire-test-report.xsd" name="com.test.dubboDemo.provider.AppTest" time="0.095" tests="1" errors="0" skipped="0" failures="0">
  <properties>
    <property name="sun.desktop" value="windows"/>
    <property name="awt.toolkit" value="sun.awt.windows.WToolkit"/>
    <property name="file.encoding.pkg" value="sun.io"/>
    <property name="java.specification.version" value="1.8"/>
    <property name="sun.cpu.isalist" value="amd64"/>
    <property name="sun.jnu.encoding" value="GBK"/>
    <property name="java.class.path" value="E:\dubbo-demo-master\dubbo-provider\target\test-classes;E:\dubbo-demo-master\dubbo-provider\target\classes;E:\dubbo-demo-master\dubbo-api\target\dubbo-api-1.0-SNAPSHOT.jar;D:\developerkits\mvn_lib\org\apache\httpcomponents\httpclient\4.5.3\httpclient-4.5.3.jar;D:\developerkits\mvn_lib\org\apache\httpcomponents\httpcore\4.4.6\httpcore-4.4.6.jar;D:\developerkits\mvn_lib\commons-httpclient\commons-httpclient\3.1\commons-httpclient-3.1.jar;D:\developerkits\mvn_lib\org\bouncycastle\bcprov-jdk16\1.46\bcprov-jdk16-1.46.jar;D:\developerkits\mvn_lib\org\jodd\jodd-core\5.0.10\jodd-core-5.0.10.jar;D:\developerkits\mvn_lib\org\jodd\jodd-http\5.0.10\jodd-http-5.0.10.jar;D:\developerkits\mvn_lib\junit\junit\4.11\junit-4.11.jar;D:\developerkits\mvn_lib\org\hamcrest\hamcrest-core\1.3\hamcrest-core-1.3.jar;D:\developerkits\mvn_lib\org\springframework\spring-core\4.1.5.RELEASE\spring-core-4.1.5.RELEASE.jar;D:\developerkits\mvn_lib\commons-logging\commons-logging\1.2\commons-logging-1.2.jar;D:\developerkits\mvn_lib\org\springframework\spring-web\4.1.5.RELEASE\spring-web-4.1.5.RELEASE.jar;D:\developerkits\mvn_lib\org\springframework\spring-beans\4.1.5.RELEASE\spring-beans-4.1.5.RELEASE.jar;D:\developerkits\mvn_lib\org\springframework\spring-context\4.1.5.RELEASE\spring-context-4.1.5.RELEASE.jar;D:\developerkits\mvn_lib\org\springframework\spring-oxm\4.1.5.RELEASE\spring-oxm-4.1.5.RELEASE.jar;D:\developerkits\mvn_lib\org\springframework\spring-tx\4.1.5.RELEASE\spring-tx-4.1.5.RELEASE.jar;D:\developerkits\mvn_lib\org\springframework\spring-jdbc\4.1.5.RELEASE\spring-jdbc-4.1.5.RELEASE.jar;D:\developerkits\mvn_lib\org\springframework\spring-webmvc\4.1.5.RELEASE\spring-webmvc-4.1.5.RELEASE.jar;D:\developerkits\mvn_lib\org\springframework\spring-expression\4.1.5.RELEASE\spring-expression-4.1.5.RELEASE.jar;D:\developerkits\mvn_lib\org\springframework\spring-aop\4.1.5.RELEASE\spring-aop-4.1.5.RELEASE.jar;D:\developerkits\mvn_lib\aopalliance\aopalliance\1.0\aopalliance-1.0.jar;D:\developerkits\mvn_lib\org\springframework\spring-context-support\4.1.5.RELEASE\spring-context-support-4.1.5.RELEASE.jar;D:\developerkits\mvn_lib\org\springframework\spring-test\4.1.5.RELEASE\spring-test-4.1.5.RELEASE.jar;D:\developerkits\mvn_lib\org\springframework\spring-aspects\4.1.5.RELEASE\spring-aspects-4.1.5.RELEASE.jar;D:\developerkits\mvn_lib\org\aspectj\aspectjweaver\1.6.11\aspectjweaver-1.6.11.jar;D:\developerkits\mvn_lib\cglib\cglib\2.1_3\cglib-2.1_3.jar;D:\developerkits\mvn_lib\asm\asm\1.5.3\asm-1.5.3.jar;D:\developerkits\mvn_lib\org\springframework\spring-websocket\4.1.5.RELEASE\spring-websocket-4.1.5.RELEASE.jar;D:\developerkits\mvn_lib\org\mybatis\mybatis\3.2.6\mybatis-3.2.6.jar;D:\developerkits\mvn_lib\org\mybatis\mybatis-spring\1.2.2\mybatis-spring-1.2.2.jar;D:\developerkits\mvn_lib\com\alibaba\druid\1.0.8\druid-1.0.8.jar;D:\developerkits\Java\jdk1.8.0_161\jre\..\lib\jconsole.jar;D:\developerkits\Java\jdk1.8.0_161\jre\..\lib\tools.jar;D:\developerkits\mvn_lib\org\codehaus\jackson\jackson-mapper-asl\1.9.13\jackson-mapper-asl-1.9.13.jar;D:\developerkits\mvn_lib\org\codehaus\jackson\jackson-core-asl\1.9.13\jackson-core-asl-1.9.13.jar;D:\developerkits\mvn_lib\net\sf\json-lib\json-lib\2.4\json-lib-2.4-jdk15.jar;D:\developerkits\mvn_lib\commons-beanutils\commons-beanutils\1.8.0\commons-beanutils-1.8.0.jar;D:\developerkits\mvn_lib\commons-collections\commons-collections\3.2.1\commons-collections-3.2.1.jar;D:\developerkits\mvn_lib\commons-lang\commons-lang\2.5\commons-lang-2.5.jar;D:\developerkits\mvn_lib\jdom\jdom\1.0\jdom-1.0.jar;D:\developerkits\mvn_lib\dom4j\dom4j\1.6.1\dom4j-1.6.1.jar;D:\developerkits\mvn_lib\xml-apis\xml-apis\1.0.b2\xml-apis-1.0.b2.jar;D:\developerkits\mvn_lib\log4j\log4j\1.2.17\log4j-1.2.17.jar;D:\developerkits\mvn_lib\org\slf4j\slf4j-api\1.6.6\slf4j-api-1.6.6.jar;D:\developerkits\mvn_lib\org\slf4j\slf4j-log4j12\1.6.6\slf4j-log4j12-1.6.6.jar;D:\developerkits\mvn_lib\javax\servlet\javax.servlet-api\3.0.1\javax.servlet-api-3.0.1.jar;D:\developerkits\mvn_lib\com\github\miemiedev\mybatis-paginator\1.2.17\mybatis-paginator-1.2.17.jar;D:\developerkits\mvn_lib\commons-codec\commons-codec\1.10\commons-codec-1.10.jar;D:\developerkits\mvn_lib\net\sf\ezmorph\ezmorph\1.0.6\ezmorph-1.0.6.jar;D:\developerkits\mvn_lib\javax\servlet\jsp\jsp-api\2.2.1-b03\jsp-api-2.2.1-b03.jar;D:\developerkits\mvn_lib\javax\servlet\jstl\1.2\jstl-1.2.jar;D:\developerkits\mvn_lib\taglibs\standard\1.1.2\standard-1.1.2.jar;D:\developerkits\mvn_lib\com\whalin\Memcached-Java-Client\3.0.1\Memcached-Java-Client-3.0.1.jar;D:\developerkits\mvn_lib\commons-pool\commons-pool\1.5.6\commons-pool-1.5.6.jar;D:\developerkits\mvn_lib\io\springfox\springfox-swagger2\2.2.2\springfox-swagger2-2.2.2.jar;D:\developerkits\mvn_lib\org\mapstruct\mapstruct\1.0.0.CR1\mapstruct-1.0.0.CR1.jar;D:\developerkits\mvn_lib\io\swagger\swagger-annotations\1.5.3\swagger-annotations-1.5.3.jar;D:\developerkits\mvn_lib\io\swagger\swagger-models\1.5.3\swagger-models-1.5.3.jar;D:\developerkits\mvn_lib\io\springfox\springfox-spi\2.2.2\springfox-spi-2.2.2.jar;D:\developerkits\mvn_lib\io\springfox\springfox-core\2.2.2\springfox-core-2.2.2.jar;D:\developerkits\mvn_lib\io\springfox\springfox-schema\2.2.2\springfox-schema-2.2.2.jar;D:\developerkits\mvn_lib\io\springfox\springfox-swagger-common\2.2.2\springfox-swagger-common-2.2.2.jar;D:\developerkits\mvn_lib\io\springfox\springfox-spring-web\2.2.2\springfox-spring-web-2.2.2.jar;D:\developerkits\mvn_lib\com\google\guava\guava\18.0\guava-18.0.jar;D:\developerkits\mvn_lib\com\fasterxml\classmate\1.2.0\classmate-1.2.0.jar;D:\developerkits\mvn_lib\org\aspectj\aspectjrt\1.8.6\aspectjrt-1.8.6.jar;D:\developerkits\mvn_lib\org\springframework\plugin\spring-plugin-core\1.2.0.RELEASE\spring-plugin-core-1.2.0.RELEASE.jar;D:\developerkits\mvn_lib\org\springframework\plugin\spring-plugin-metadata\1.2.0.RELEASE\spring-plugin-metadata-1.2.0.RELEASE.jar;D:\developerkits\mvn_lib\org\springframework\hateoas\spring-hateoas\0.18.0.RELEASE\spring-hateoas-0.18.0.RELEASE.jar;D:\developerkits\mvn_lib\com\fasterxml\jackson\core\jackson-databind\2.4.4\jackson-databind-2.4.4.jar;D:\developerkits\mvn_lib\com\fasterxml\jackson\core\jackson-annotations\2.4.0\jackson-annotations-2.4.0.jar;D:\developerkits\mvn_lib\com\fasterxml\jackson\core\jackson-core\2.4.4\jackson-core-2.4.4.jar;D:\developerkits\mvn_lib\net\sourceforge\jexcelapi\jxl\2.6.12\jxl-2.6.12.jar;D:\developerkits\mvn_lib\org\apache\poi\poi\3.12\poi-3.12.jar;D:\developerkits\mvn_lib\org\apache\poi\poi-ooxml\3.12\poi-ooxml-3.12.jar;D:\developerkits\mvn_lib\org\apache\poi\poi-ooxml-schemas\3.12\poi-ooxml-schemas-3.12.jar;D:\developerkits\mvn_lib\org\apache\xmlbeans\xmlbeans\2.6.0\xmlbeans-2.6.0.jar;D:\developerkits\mvn_lib\stax\stax-api\1.0.1\stax-api-1.0.1.jar;D:\developerkits\mvn_lib\org\apache\poi\poi-excelant\3.12\poi-excelant-3.12.jar;D:\developerkits\mvn_lib\org\apache\ant\ant\1.8.2\ant-1.8.2.jar;D:\developerkits\mvn_lib\org\apache\ant\ant-launcher\1.8.2\ant-launcher-1.8.2.jar;D:\developerkits\mvn_lib\org\apache\poi\poi-examples\3.12\poi-examples-3.12.jar;D:\developerkits\mvn_lib\org\apache\poi\poi-scratchpad\3.12\poi-scratchpad-3.12.jar;D:\developerkits\mvn_lib\com\alibaba\dubbo\2.6.4\dubbo-2.6.4.jar;D:\developerkits\mvn_lib\org\javassist\javassist\3.20.0-GA\javassist-3.20.0-GA.jar;D:\developerkits\mvn_lib\org\jboss\netty\netty\3.2.5.Final\netty-3.2.5.Final.jar;D:\developerkits\mvn_lib\org\apache\zookeeper\zookeeper\3.4.13\zookeeper-3.4.13.jar;D:\developerkits\mvn_lib\jline\jline\0.9.94\jline-0.9.94.jar;D:\developerkits\mvn_lib\org\apache\yetus\audience-annotations\0.5.0\audience-annotations-0.5.0.jar;D:\developerkits\mvn_lib\io\netty\netty\3.10.6.Final\netty-3.10.6.Final.jar;D:\developerkits\mvn_lib\com\alibaba\dubbo-registry-zookeeper\2.6.4\dubbo-registry-zookeeper-2.6.4.jar;D:\developerkits\mvn_lib\com\alibaba\dubbo-registry-api\2.6.4\dubbo-registry-api-2.6.4.jar;D:\developerkits\mvn_lib\com\alibaba\dubbo-cluster\2.6.4\dubbo-cluster-2.6.4.jar;D:\developerkits\mvn_lib\com\alibaba\dubbo-rpc-api\2.6.4\dubbo-rpc-api-2.6.4.jar;D:\developerkits\mvn_lib\com\alibaba\dubbo-serialization-api\2.6.4\dubbo-serialization-api-2.6.4.jar;D:\developerkits\mvn_lib\com\alibaba\dubbo-container-api\2.6.4\dubbo-container-api-2.6.4.jar;D:\developerkits\mvn_lib\com\alibaba\dubbo-remoting-zookeeper\2.6.4\dubbo-remoting-zookeeper-2.6.4.jar;D:\developerkits\mvn_lib\com\alibaba\dubbo-common\2.6.4\dubbo-common-2.6.4.jar;D:\developerkits\mvn_lib\com\alibaba\hessian-lite\3.2.4\hessian-lite-3.2.4.jar;D:\developerkits\mvn_lib\com\alibaba\fastjson\1.2.46\fastjson-1.2.46.jar;D:\developerkits\mvn_lib\com\esotericsoftware\kryo\4.0.1\kryo-4.0.1.jar;D:\developerkits\mvn_lib\com\esotericsoftware\reflectasm\1.11.3\reflectasm-1.11.3.jar;D:\developerkits\mvn_lib\org\ow2\asm\asm\5.0.4\asm-5.0.4.jar;D:\developerkits\mvn_lib\com\esotericsoftware\minlog\1.3.0\minlog-1.3.0.jar;D:\developerkits\mvn_lib\org\objenesis\objenesis\2.5.1\objenesis-2.5.1.jar;D:\developerkits\mvn_lib\de\javakaffee\kryo-serializers\0.42\kryo-serializers-0.42.jar;D:\developerkits\mvn_lib\de\ruedigermoeller\fst\2.48-jdk-6\fst-2.48-jdk-6.jar;D:\developerkits\mvn_lib\com\cedarsoftware\java-util\1.9.0\java-util-1.9.0.jar;D:\developerkits\mvn_lib\com\cedarsoftware\json-io\2.5.1\json-io-2.5.1.jar;D:\developerkits\mvn_lib\org\apache\curator\curator-framework\2.12.0\curator-framework-2.12.0.jar;D:\developerkits\mvn_lib\org\apache\curator\curator-client\2.12.0\curator-client-2.12.0.jar;D:\developerkits\mvn_lib\com\101tec\zkclient\0.2\zkclient-0.2.jar;"/>
    <property name="java.vm.vendor" value="Oracle Corporation"/>
    <property name="sun.arch.data.model" value="64"/>
    <property name="user.variant" value=""/>
    <property name="java.vendor.url" value="http://java.oracle.com/"/>
    <property name="user.timezone" value=""/>
    <property name="java.vm.specification.version" value="1.8"/>
    <property name="os.name" value="Windows 7"/>
    <property name="user.country" value="CN"/>
    <property name="sun.java.launcher" value="SUN_STANDARD"/>
    <property name="sun.boot.library.path" value="D:\developerkits\Java\jdk1.8.0_161\jre\bin"/>
    <property name="sun.java.command" value="C:\Users\zyy\AppData\Local\Temp\surefire3203409934278439853\surefirebooter4155126183278068808.jar C:\Users\zyy\AppData\Local\Temp\surefire3203409934278439853 2019-04-15T15-37-40_150-jvmRun1 surefire8920865550508775381tmp surefire_12707470443781268316tmp"/>
    <property name="surefire.test.class.path" value="E:\dubbo-demo-master\dubbo-provider\target\test-classes;E:\dubbo-demo-master\dubbo-provider\target\classes;E:\dubbo-demo-master\dubbo-api\target\dubbo-api-1.0-SNAPSHOT.jar;D:\developerkits\mvn_lib\org\apache\httpcomponents\httpclient\4.5.3\httpclient-4.5.3.jar;D:\developerkits\mvn_lib\org\apache\httpcomponents\httpcore\4.4.6\httpcore-4.4.6.jar;D:\developerkits\mvn_lib\commons-httpclient\commons-httpclient\3.1\commons-httpclient-3.1.jar;D:\developerkits\mvn_lib\org\bouncycastle\bcprov-jdk16\1.46\bcprov-jdk16-1.46.jar;D:\developerkits\mvn_lib\org\jodd\jodd-core\5.0.10\jodd-core-5.0.10.jar;D:\developerkits\mvn_lib\org\jodd\jodd-http\5.0.10\jodd-http-5.0.10.jar;D:\developerkits\mvn_lib\junit\junit\4.11\junit-4.11.jar;D:\developerkits\mvn_lib\org\hamcrest\hamcrest-core\1.3\hamcrest-core-1.3.jar;D:\developerkits\mvn_lib\org\springframework\spring-core\4.1.5.RELEASE\spring-core-4.1.5.RELEASE.jar;D:\developerkits\mvn_lib\commons-logging\commons-logging\1.2\commons-logging-1.2.jar;D:\developerkits\mvn_lib\org\springframework\spring-web\4.1.5.RELEASE\spring-web-4.1.5.RELEASE.jar;D:\developerkits\mvn_lib\org\springframework\spring-beans\4.1.5.RELEASE\spring-beans-4.1.5.RELEASE.jar;D:\developerkits\mvn_lib\org\springframework\spring-context\4.1.5.RELEASE\spring-context-4.1.5.RELEASE.jar;D:\developerkits\mvn_lib\org\springframework\spring-oxm\4.1.5.RELEASE\spring-oxm-4.1.5.RELEASE.jar;D:\developerkits\mvn_lib\org\springframework\spring-tx\4.1.5.RELEASE\spring-tx-4.1.5.RELEASE.jar;D:\developerkits\mvn_lib\org\springframework\spring-jdbc\4.1.5.RELEASE\spring-jdbc-4.1.5.RELEASE.jar;D:\developerkits\mvn_lib\org\springframework\spring-webmvc\4.1.5.RELEASE\spring-webmvc-4.1.5.RELEASE.jar;D:\developerkits\mvn_lib\org\springframework\spring-expression\4.1.5.RELEASE\spring-expression-4.1.5.RELEASE.jar;D:\developerkits\mvn_lib\org\springframework\spring-aop\4.1.5.RELEASE\spring-aop-4.1.5.RELEASE.jar;D:\developerkits\mvn_lib\aopalliance\aopalliance\1.0\aopalliance-1.0.jar;D:\developerkits\mvn_lib\org\springframework\spring-context-support\4.1.5.RELEASE\spring-context-support-4.1.5.RELEASE.jar;D:\developerkits\mvn_lib\org\springframework\spring-test\4.1.5.RELEASE\spring-test-4.1.5.RELEASE.jar;D:\developerkits\mvn_lib\org\springframework\spring-aspects\4.1.5.RELEASE\spring-aspects-4.1.5.RELEASE.jar;D:\developerkits\mvn_lib\org\aspectj\aspectjweaver\1.6.11\aspectjweaver-1.6.11.jar;D:\developerkits\mvn_lib\cglib\cglib\2.1_3\cglib-2.1_3.jar;D:\developerkits\mvn_lib\asm\asm\1.5.3\asm-1.5.3.jar;D:\developerkits\mvn_lib\org\springframework\spring-websocket\4.1.5.RELEASE\spring-websocket-4.1.5.RELEASE.jar;D:\developerkits\mvn_lib\org\mybatis\mybatis\3.2.6\mybatis-3.2.6.jar;D:\developerkits\mvn_lib\org\mybatis\mybatis-spring\1.2.2\mybatis-spring-1.2.2.jar;D:\developerkits\mvn_lib\com\alibaba\druid\1.0.8\druid-1.0.8.jar;D:\developerkits\Java\jdk1.8.0_161\jre\..\lib\jconsole.jar;D:\developerkits\Java\jdk1.8.0_161\jre\..\lib\tools.jar;D:\developerkits\mvn_lib\org\codehaus\jackson\jackson-mapper-asl\1.9.13\jackson-mapper-asl-1.9.13.jar;D:\developerkits\mvn_lib\org\codehaus\jackson\jackson-core-asl\1.9.13\jackson-core-asl-1.9.13.jar;D:\developerkits\mvn_lib\net\sf\json-lib\json-lib\2.4\json-lib-2.4-jdk15.jar;D:\developerkits\mvn_lib\commons-beanutils\commons-beanutils\1.8.0\commons-beanutils-1.8.0.jar;D:\developerkits\mvn_lib\commons-collections\commons-collections\3.2.1\commons-collections-3.2.1.jar;D:\developerkits\mvn_lib\commons-lang\commons-lang\2.5\commons-lang-2.5.jar;D:\developerkits\mvn_lib\jdom\jdom\1.0\jdom-1.0.jar;D:\developerkits\mvn_lib\dom4j\dom4j\1.6.1\dom4j-1.6.1.jar;D:\developerkits\mvn_lib\xml-apis\xml-apis\1.0.b2\xml-apis-1.0.b2.jar;D:\developerkits\mvn_lib\log4j\log4j\1.2.17\log4j-1.2.17.jar;D:\developerkits\mvn_lib\org\slf4j\slf4j-api\1.6.6\slf4j-api-1.6.6.jar;D:\developerkits\mvn_lib\org\slf4j\slf4j-log4j12\1.6.6\slf4j-log4j12-1.6.6.jar;D:\developerkits\mvn_lib\javax\servlet\javax.servlet-api\3.0.1\javax.servlet-api-3.0.1.jar;D:\developerkits\mvn_lib\com\github\miemiedev\mybatis-paginator\1.2.17\mybatis-paginator-1.2.17.jar;D:\developerkits\mvn_lib\commons-codec\commons-codec\1.10\commons-codec-1.10.jar;D:\developerkits\mvn_lib\net\sf\ezmorph\ezmorph\1.0.6\ezmorph-1.0.6.jar;D:\developerkits\mvn_lib\javax\servlet\jsp\jsp-api\2.2.1-b03\jsp-api-2.2.1-b03.jar;D:\developerkits\mvn_lib\javax\servlet\jstl\1.2\jstl-1.2.jar;D:\developerkits\mvn_lib\taglibs\standard\1.1.2\standard-1.1.2.jar;D:\developerkits\mvn_lib\com\whalin\Memcached-Java-Client\3.0.1\Memcached-Java-Client-3.0.1.jar;D:\developerkits\mvn_lib\commons-pool\commons-pool\1.5.6\commons-pool-1.5.6.jar;D:\developerkits\mvn_lib\io\springfox\springfox-swagger2\2.2.2\springfox-swagger2-2.2.2.jar;D:\developerkits\mvn_lib\org\mapstruct\mapstruct\1.0.0.CR1\mapstruct-1.0.0.CR1.jar;D:\developerkits\mvn_lib\io\swagger\swagger-annotations\1.5.3\swagger-annotations-1.5.3.jar;D:\developerkits\mvn_lib\io\swagger\swagger-models\1.5.3\swagger-models-1.5.3.jar;D:\developerkits\mvn_lib\io\springfox\springfox-spi\2.2.2\springfox-spi-2.2.2.jar;D:\developerkits\mvn_lib\io\springfox\springfox-core\2.2.2\springfox-core-2.2.2.jar;D:\developerkits\mvn_lib\io\springfox\springfox-schema\2.2.2\springfox-schema-2.2.2.jar;D:\developerkits\mvn_lib\io\springfox\springfox-swagger-common\2.2.2\springfox-swagger-common-2.2.2.jar;D:\developerkits\mvn_lib\io\springfox\springfox-spring-web\2.2.2\springfox-spring-web-2.2.2.jar;D:\developerkits\mvn_lib\com\google\guava\guava\18.0\guava-18.0.jar;D:\developerkits\mvn_lib\com\fasterxml\classmate\1.2.0\classmate-1.2.0.jar;D:\developerkits\mvn_lib\org\aspectj\aspectjrt\1.8.6\aspectjrt-1.8.6.jar;D:\developerkits\mvn_lib\org\springframework\plugin\spring-plugin-core\1.2.0.RELEASE\spring-plugin-core-1.2.0.RELEASE.jar;D:\developerkits\mvn_lib\org\springframework\plugin\spring-plugin-metadata\1.2.0.RELEASE\spring-plugin-metadata-1.2.0.RELEASE.jar;D:\developerkits\mvn_lib\org\springframework\hateoas\spring-hateoas\0.18.0.RELEASE\spring-hateoas-0.18.0.RELEASE.jar;D:\developerkits\mvn_lib\com\fasterxml\jackson\core\jackson-databind\2.4.4\jackson-databind-2.4.4.jar;D:\developerkits\mvn_lib\com\fasterxml\jackson\core\jackson-annotations\2.4.0\jackson-annotations-2.4.0.jar;D:\developerkits\mvn_lib\com\fasterxml\jackson\core\jackson-core\2.4.4\jackson-core-2.4.4.jar;D:\developerkits\mvn_lib\net\sourceforge\jexcelapi\jxl\2.6.12\jxl-2.6.12.jar;D:\developerkits\mvn_lib\org\apache\poi\poi\3.12\poi-3.12.jar;D:\developerkits\mvn_lib\org\apache\poi\poi-ooxml\3.12\poi-ooxml-3.12.jar;D:\developerkits\mvn_lib\org\apache\poi\poi-ooxml-schemas\3.12\poi-ooxml-schemas-3.12.jar;D:\developerkits\mvn_lib\org\apache\xmlbeans\xmlbeans\2.6.0\xmlbeans-2.6.0.jar;D:\developerkits\mvn_lib\stax\stax-api\1.0.1\stax-api-1.0.1.jar;D:\developerkits\mvn_lib\org\apache\poi\poi-excelant\3.12\poi-excelant-3.12.jar;D:\developerkits\mvn_lib\org\apache\ant\ant\1.8.2\ant-1.8.2.jar;D:\developerkits\mvn_lib\org\apache\ant\ant-launcher\1.8.2\ant-launcher-1.8.2.jar;D:\developerkits\mvn_lib\org\apache\poi\poi-examples\3.12\poi-examples-3.12.jar;D:\developerkits\mvn_lib\org\apache\poi\poi-scratchpad\3.12\poi-scratchpad-3.12.jar;D:\developerkits\mvn_lib\com\alibaba\dubbo\2.6.4\dubbo-2.6.4.jar;D:\developerkits\mvn_lib\org\javassist\javassist\3.20.0-GA\javassist-3.20.0-GA.jar;D:\developerkits\mvn_lib\org\jboss\netty\netty\3.2.5.Final\netty-3.2.5.Final.jar;D:\developerkits\mvn_lib\org\apache\zookeeper\zookeeper\3.4.13\zookeeper-3.4.13.jar;D:\developerkits\mvn_lib\jline\jline\0.9.94\jline-0.9.94.jar;D:\developerkits\mvn_lib\org\apache\yetus\audience-annotations\0.5.0\audience-annotations-0.5.0.jar;D:\developerkits\mvn_lib\io\netty\netty\3.10.6.Final\netty-3.10.6.Final.jar;D:\developerkits\mvn_lib\com\alibaba\dubbo-registry-zookeeper\2.6.4\dubbo-registry-zookeeper-2.6.4.jar;D:\developerkits\mvn_lib\com\alibaba\dubbo-registry-api\2.6.4\dubbo-registry-api-2.6.4.jar;D:\developerkits\mvn_lib\com\alibaba\dubbo-cluster\2.6.4\dubbo-cluster-2.6.4.jar;D:\developerkits\mvn_lib\com\alibaba\dubbo-rpc-api\2.6.4\dubbo-rpc-api-2.6.4.jar;D:\developerkits\mvn_lib\com\alibaba\dubbo-serialization-api\2.6.4\dubbo-serialization-api-2.6.4.jar;D:\developerkits\mvn_lib\com\alibaba\dubbo-container-api\2.6.4\dubbo-container-api-2.6.4.jar;D:\developerkits\mvn_lib\com\alibaba\dubbo-remoting-zookeeper\2.6.4\dubbo-remoting-zookeeper-2.6.4.jar;D:\developerkits\mvn_lib\com\alibaba\dubbo-common\2.6.4\dubbo-common-2.6.4.jar;D:\developerkits\mvn_lib\com\alibaba\hessian-lite\3.2.4\hessian-lite-3.2.4.jar;D:\developerkits\mvn_lib\com\alibaba\fastjson\1.2.46\fastjson-1.2.46.jar;D:\developerkits\mvn_lib\com\esotericsoftware\kryo\4.0.1\kryo-4.0.1.jar;D:\developerkits\mvn_lib\com\esotericsoftware\reflectasm\1.11.3\reflectasm-1.11.3.jar;D:\developerkits\mvn_lib\org\ow2\asm\asm\5.0.4\asm-5.0.4.jar;D:\developerkits\mvn_lib\com\esotericsoftware\minlog\1.3.0\minlog-1.3.0.jar;D:\developerkits\mvn_lib\org\objenesis\objenesis\2.5.1\objenesis-2.5.1.jar;D:\developerkits\mvn_lib\de\javakaffee\kryo-serializers\0.42\kryo-serializers-0.42.jar;D:\developerkits\mvn_lib\de\ruedigermoeller\fst\2.48-jdk-6\fst-2.48-jdk-6.jar;D:\developerkits\mvn_lib\com\cedarsoftware\java-util\1.9.0\java-util-1.9.0.jar;D:\developerkits\mvn_lib\com\cedarsoftware\json-io\2.5.1\json-io-2.5.1.jar;D:\developerkits\mvn_lib\org\apache\curator\curator-framework\2.12.0\curator-framework-2.12.0.jar;D:\developerkits\mvn_lib\org\apache\curator\curator-client\2.12.0\curator-client-2.12.0.jar;D:\developerkits\mvn_lib\com\101tec\zkclient\0.2\zkclient-0.2.jar;"/>
    <property name="sun.cpu.endian" value="little"/>
    <property name="user.home" value="C:\Users\zyy"/>
    <property name="user.language" value="zh"/>
    <property name="java.specification.vendor" value="Oracle Corporation"/>
    <property name="java.home" value="D:\developerkits\Java\jdk1.8.0_161\jre"/>
    <property name="basedir" value="E:\dubbo-demo-master\dubbo-provider"/>
    <property name="file.separator" value="\"/>
    <property name="line.separator" value="&#10;"/>
    <property name="java.vm.specification.vendor" value="Oracle Corporation"/>
    <property name="java.specification.name" value="Java Platform API Specification"/>
    <property name="java.awt.graphicsenv" value="sun.awt.Win32GraphicsEnvironment"/>
    <property name="surefire.real.class.path" value="C:\Users\zyy\AppData\Local\Temp\surefire3203409934278439853\surefirebooter4155126183278068808.jar"/>
    <property name="sun.boot.class.path" value="D:\developerkits\Java\jdk1.8.0_161\jre\lib\resources.jar;D:\developerkits\Java\jdk1.8.0_161\jre\lib\rt.jar;D:\developerkits\Java\jdk1.8.0_161\jre\lib\sunrsasign.jar;D:\developerkits\Java\jdk1.8.0_161\jre\lib\jsse.jar;D:\developerkits\Java\jdk1.8.0_161\jre\lib\jce.jar;D:\developerkits\Java\jdk1.8.0_161\jre\lib\charsets.jar;D:\developerkits\Java\jdk1.8.0_161\jre\lib\jfr.jar;D:\developerkits\Java\jdk1.8.0_161\jre\classes"/>
    <property name="user.script" value=""/>
    <property name="sun.management.compiler" value="HotSpot 64-Bit Tiered Compilers"/>
    <property name="java.runtime.version" value="1.8.0_161-b12"/>
    <property name="user.name" value="zyy"/>
    <property name="path.separator" value=";"/>
    <property name="os.version" value="6.1"/>
    <property name="java.endorsed.dirs" value="D:\developerkits\Java\jdk1.8.0_161\jre\lib\endorsed"/>
    <property name="java.runtime.name" value="Java(TM) SE Runtime Environment"/>
    <property name="file.encoding" value="GBK"/>
    <property name="java.vm.name" value="Java HotSpot(TM) 64-Bit Server VM"/>
    <property name="localRepository" value="D:\developerkits\mvn_lib"/>
    <property name="java.vendor.url.bug" value="http://bugreport.sun.com/bugreport/"/>
    <property name="java.io.tmpdir" value="C:\Users\zyy\AppData\Local\Temp\"/>
    <property name="idea.version" value="2018.1"/>
    <property name="java.version" value="1.8.0_161"/>
    <property name="user.dir" value="E:\dubbo-demo-master\dubbo-provider"/>
    <property name="os.arch" value="amd64"/>
    <property name="java.vm.specification.name" value="Java Virtual Machine Specification"/>
    <property name="java.awt.printerjob" value="sun.awt.windows.WPrinterJob"/>
    <property name="sun.os.patch.level" value="Service Pack 1"/>
    <property name="java.library.path" value="D:\developerkits\Java\jdk1.8.0_161\jre\bin;C:\Windows\Sun\Java\bin;C:\Windows\system32;C:\Windows;C:\Program Files (x86)\Common Files\NetSarang;C:\Program Files (x86)\NVIDIA Corporation\PhysX\Common;C:\Windows\system32;C:\Windows;C:\Windows\System32\Wbem;C:\Windows\System32\WindowsPowerShell\v1.0\;C:\Program Files (x86)\Intel\OpenCL SDK\3.0\bin\x86;C:\Program Files (x86)\Intel\OpenCL SDK\3.0\bin\x64:D:\developerkits\Java\jdk1.8.0_161\bin;D:\developerkits\Java\jdk1.8.0_161\jre\bin;D:\developerkits\apache-maven-3.5.3\bin\;D:\开发工具\Git\cmd;D:\;eveloperkits\TortoiseGitcody\bin;D:\developerkits\Git\cmd;D:\developerkits\TortoiseGit\bin;D:\WPS Office\11.1.0.7989\office6;C:\Program Files\Bandizip\;.;;.;;.;;."/>
    <property name="java.vm.info" value="mixed mode"/>
    <property name="java.vendor" value="Oracle Corporation"/>
    <property name="java.vm.version" value="25.161-b12"/>
    <property name="java.ext.dirs" value="D:\developerkits\Java\jdk1.8.0_161\jre\lib\ext;C:\Windows\Sun\Java\lib\ext"/>
    <property name="sun.io.unicode.encoding" value="UnicodeLittle"/>
    <property name="java.class.version" value="52.0"/>
  </properties>
  <testcase name="shouldAnswerWithTrue" classname="com.test.dubboDemo.provider.AppTest" time="0"/>
</testsuite>